d:\poriahua\！好好学习\c++\wuliu1\wuliu1\x64\debug\vc143.pdb
d:\poriahua\！好好学习\c++\wuliu1\wuliu1\x64\debug\vc143.idb
d:\poriahua\！好好学习\c++\wuliu1\wuliu1\x64\debug\users.obj
d:\poriahua\！好好学习\c++\wuliu1\wuliu1\x64\debug\objects.obj
d:\poriahua\！好好学习\c++\wuliu1\wuliu1\x64\debug\main.obj
d:\poriahua\！好好学习\c++\wuliu1\wuliu1\x64\debug\manager.obj
d:\poriahua\！好好学习\c++\2020211308-2020211517-华雯洁\2020211308-2020211517-华雯洁\wuliu1\wuliu1\x64\debug\vc143.pdb
d:\poriahua\！好好学习\c++\2020211308-2020211517-华雯洁\2020211308-2020211517-华雯洁\wuliu1\wuliu1\x64\debug\vc143.idb
d:\poriahua\！好好学习\c++\2020211308-2020211517-华雯洁\2020211308-2020211517-华雯洁\wuliu1\wuliu1\x64\debug\users.obj
d:\poriahua\！好好学习\c++\2020211308-2020211517-华雯洁\2020211308-2020211517-华雯洁\wuliu1\wuliu1\x64\debug\objects.obj
d:\poriahua\！好好学习\c++\2020211308-2020211517-华雯洁\2020211308-2020211517-华雯洁\wuliu1\wuliu1\x64\debug\manager.obj
d:\poriahua\！好好学习\c++\2020211308-2020211517-华雯洁\2020211308-2020211517-华雯洁\wuliu1\wuliu1\x64\debug\main.obj
d:\poriahua\！好好学习\c++\wuliu1\wuliu1\x64\debug\wuliu1.exe
d:\poriahua\！好好学习\c++\wuliu1\wuliu1\x64\debug\wuliu1.ilk
d:\poriahua\！好好学习\c++\wuliu1\wuliu1\x64\debug\wuliu1.pdb
d:\poriahua\！好好学习\c++\2020211308-2020211517-华雯洁\2020211308-2020211517-华雯洁\wuliu1\wuliu1\x64\debug\wuliu1.ilk
d:\poriahua\！好好学习\c++\2020211308-2020211517-华雯洁\2020211308-2020211517-华雯洁\wuliu1\wuliu1\x64\debug\wuliu1.exe
d:\poriahua\！好好学习\c++\2020211308-2020211517-华雯洁\2020211308-2020211517-华雯洁\wuliu1\wuliu1\x64\debug\wuliu1.pdb
d:\poriahua\！好好学习\c++\2020211308-2020211517-华雯洁\2020211308-2020211517-华雯洁\wuliu1\wuliu1\x64\debug\wuliu1.tlog\cl.command.1.tlog
d:\poriahua\！好好学习\c++\2020211308-2020211517-华雯洁\2020211308-2020211517-华雯洁\wuliu1\wuliu1\x64\debug\wuliu1.tlog\cl.read.1.tlog
d:\poriahua\！好好学习\c++\2020211308-2020211517-华雯洁\2020211308-2020211517-华雯洁\wuliu1\wuliu1\x64\debug\wuliu1.tlog\cl.write.1.tlog
d:\poriahua\！好好学习\c++\2020211308-2020211517-华雯洁\2020211308-2020211517-华雯洁\wuliu1\wuliu1\x64\debug\wuliu1.tlog\link.command.1.tlog
d:\poriahua\！好好学习\c++\2020211308-2020211517-华雯洁\2020211308-2020211517-华雯洁\wuliu1\wuliu1\x64\debug\wuliu1.tlog\link.read.1.tlog
d:\poriahua\！好好学习\c++\2020211308-2020211517-华雯洁\2020211308-2020211517-华雯洁\wuliu1\wuliu1\x64\debug\wuliu1.tlog\link.write.1.tlog
