d:\poriahua\！好好学习\c++\wuliu2\wuliu2\x64\debug\vc143.pdb
d:\poriahua\！好好学习\c++\wuliu2\wuliu2\x64\debug\vc143.idb
d:\poriahua\！好好学习\c++\wuliu2\wuliu2\x64\debug\users.obj
d:\poriahua\！好好学习\c++\wuliu2\wuliu2\x64\debug\manager.obj
d:\poriahua\！好好学习\c++\wuliu2\wuliu2\x64\debug\main.obj
d:\poriahua\！好好学习\c++\wuliu2\wuliu2\x64\debug\objects.obj
d:\poriahua\！好好学习\c++\wuliu2\wuliu2\x64\debug\courier.obj
d:\poriahua\！好好学习\c++\wuliu2\wuliu2\x64\debug\ordinary.obj
d:\poriahua\！好好学习\c++\wuliu2\wuliu2\x64\debug\fragile.obj
d:\poriahua\！好好学习\c++\wuliu2\wuliu2\x64\debug\book.obj
d:\poriahua\！好好学习\c++\2020211308-2020211517-华雯洁\2020211308-2020211517-华雯洁\wuliu2\wuliu2\x64\debug\vc143.pdb
d:\poriahua\！好好学习\c++\2020211308-2020211517-华雯洁\2020211308-2020211517-华雯洁\wuliu2\wuliu2\x64\debug\vc143.idb
d:\poriahua\！好好学习\c++\2020211308-2020211517-华雯洁\2020211308-2020211517-华雯洁\wuliu2\wuliu2\x64\debug\users.obj
d:\poriahua\！好好学习\c++\2020211308-2020211517-华雯洁\2020211308-2020211517-华雯洁\wuliu2\wuliu2\x64\debug\ordinary.obj
d:\poriahua\！好好学习\c++\2020211308-2020211517-华雯洁\2020211308-2020211517-华雯洁\wuliu2\wuliu2\x64\debug\objects.obj
d:\poriahua\！好好学习\c++\2020211308-2020211517-华雯洁\2020211308-2020211517-华雯洁\wuliu2\wuliu2\x64\debug\manager.obj
d:\poriahua\！好好学习\c++\2020211308-2020211517-华雯洁\2020211308-2020211517-华雯洁\wuliu2\wuliu2\x64\debug\main.obj
d:\poriahua\！好好学习\c++\2020211308-2020211517-华雯洁\2020211308-2020211517-华雯洁\wuliu2\wuliu2\x64\debug\fragile.obj
d:\poriahua\！好好学习\c++\2020211308-2020211517-华雯洁\2020211308-2020211517-华雯洁\wuliu2\wuliu2\x64\debug\courier.obj
d:\poriahua\！好好学习\c++\2020211308-2020211517-华雯洁\2020211308-2020211517-华雯洁\wuliu2\wuliu2\x64\debug\book.obj
d:\poriahua\！好好学习\c++\wuliu2\wuliu2\x64\debug\wuliu2.exe
d:\poriahua\！好好学习\c++\wuliu2\wuliu2\x64\debug\wuliu2.ilk
d:\poriahua\！好好学习\c++\wuliu2\wuliu2\x64\debug\wuliu2.pdb
d:\poriahua\！好好学习\c++\2020211308-2020211517-华雯洁\2020211308-2020211517-华雯洁\wuliu2\wuliu2\x64\debug\wuliu2.exe
d:\poriahua\！好好学习\c++\2020211308-2020211517-华雯洁\2020211308-2020211517-华雯洁\wuliu2\wuliu2\x64\debug\wuliu2.ilk
d:\poriahua\！好好学习\c++\2020211308-2020211517-华雯洁\2020211308-2020211517-华雯洁\wuliu2\wuliu2\x64\debug\wuliu2.pdb
d:\poriahua\！好好学习\c++\2020211308-2020211517-华雯洁\2020211308-2020211517-华雯洁\wuliu2\wuliu2\x64\debug\wuliu2.tlog\cl.command.1.tlog
d:\poriahua\！好好学习\c++\2020211308-2020211517-华雯洁\2020211308-2020211517-华雯洁\wuliu2\wuliu2\x64\debug\wuliu2.tlog\cl.read.1.tlog
d:\poriahua\！好好学习\c++\2020211308-2020211517-华雯洁\2020211308-2020211517-华雯洁\wuliu2\wuliu2\x64\debug\wuliu2.tlog\cl.write.1.tlog
d:\poriahua\！好好学习\c++\2020211308-2020211517-华雯洁\2020211308-2020211517-华雯洁\wuliu2\wuliu2\x64\debug\wuliu2.tlog\link.command.1.tlog
d:\poriahua\！好好学习\c++\2020211308-2020211517-华雯洁\2020211308-2020211517-华雯洁\wuliu2\wuliu2\x64\debug\wuliu2.tlog\link.read.1.tlog
d:\poriahua\！好好学习\c++\2020211308-2020211517-华雯洁\2020211308-2020211517-华雯洁\wuliu2\wuliu2\x64\debug\wuliu2.tlog\link.write.1.tlog
