d:\poriahua\！好好学习\c++\wuliu3\server\x64\debug\vc143.pdb
d:\poriahua\！好好学习\c++\wuliu3\server\x64\debug\vc143.idb
d:\poriahua\！好好学习\c++\wuliu3\server\x64\debug\main.obj
d:\poriahua\！好好学习\c++\wuliu3\server\x64\debug\users.obj
d:\poriahua\！好好学习\c++\wuliu3\server\x64\debug\ordinary.obj
d:\poriahua\！好好学习\c++\wuliu3\server\x64\debug\objects.obj
d:\poriahua\！好好学习\c++\wuliu3\server\x64\debug\manager.obj
d:\poriahua\！好好学习\c++\wuliu3\server\x64\debug\fragile.obj
d:\poriahua\！好好学习\c++\wuliu3\server\x64\debug\book.obj
d:\poriahua\！好好学习\c++\wuliu3\server\x64\debug\courier.obj
d:\poriahua\！好好学习\c++\2020211308-2020211517-华雯洁\2020211308-2020211517-华雯洁\wuliu3\server\x64\debug\vc143.pdb
d:\poriahua\！好好学习\c++\2020211308-2020211517-华雯洁\2020211308-2020211517-华雯洁\wuliu3\server\x64\debug\vc143.idb
d:\poriahua\！好好学习\c++\2020211308-2020211517-华雯洁\2020211308-2020211517-华雯洁\wuliu3\server\x64\debug\users.obj
d:\poriahua\！好好学习\c++\2020211308-2020211517-华雯洁\2020211308-2020211517-华雯洁\wuliu3\server\x64\debug\ordinary.obj
d:\poriahua\！好好学习\c++\2020211308-2020211517-华雯洁\2020211308-2020211517-华雯洁\wuliu3\server\x64\debug\objects.obj
d:\poriahua\！好好学习\c++\2020211308-2020211517-华雯洁\2020211308-2020211517-华雯洁\wuliu3\server\x64\debug\manager.obj
d:\poriahua\！好好学习\c++\2020211308-2020211517-华雯洁\2020211308-2020211517-华雯洁\wuliu3\server\x64\debug\main.obj
d:\poriahua\！好好学习\c++\2020211308-2020211517-华雯洁\2020211308-2020211517-华雯洁\wuliu3\server\x64\debug\fragile.obj
d:\poriahua\！好好学习\c++\2020211308-2020211517-华雯洁\2020211308-2020211517-华雯洁\wuliu3\server\x64\debug\courier.obj
d:\poriahua\！好好学习\c++\2020211308-2020211517-华雯洁\2020211308-2020211517-华雯洁\wuliu3\server\x64\debug\book.obj
d:\poriahua\！好好学习\c++\wuliu3\server\x64\debug\server.exe
d:\poriahua\！好好学习\c++\wuliu3\server\x64\debug\server.ilk
d:\poriahua\！好好学习\c++\wuliu3\server\x64\debug\server.pdb
d:\poriahua\！好好学习\c++\2020211308-2020211517-华雯洁\2020211308-2020211517-华雯洁\wuliu3\server\x64\debug\server.ilk
d:\poriahua\！好好学习\c++\2020211308-2020211517-华雯洁\2020211308-2020211517-华雯洁\wuliu3\server\x64\debug\server.exe
d:\poriahua\！好好学习\c++\2020211308-2020211517-华雯洁\2020211308-2020211517-华雯洁\wuliu3\server\x64\debug\server.pdb
d:\poriahua\！好好学习\c++\2020211308-2020211517-华雯洁\2020211308-2020211517-华雯洁\wuliu3\server\x64\debug\server.tlog\cl.command.1.tlog
d:\poriahua\！好好学习\c++\2020211308-2020211517-华雯洁\2020211308-2020211517-华雯洁\wuliu3\server\x64\debug\server.tlog\cl.read.1.tlog
d:\poriahua\！好好学习\c++\2020211308-2020211517-华雯洁\2020211308-2020211517-华雯洁\wuliu3\server\x64\debug\server.tlog\cl.write.1.tlog
d:\poriahua\！好好学习\c++\2020211308-2020211517-华雯洁\2020211308-2020211517-华雯洁\wuliu3\server\x64\debug\server.tlog\link.command.1.tlog
d:\poriahua\！好好学习\c++\2020211308-2020211517-华雯洁\2020211308-2020211517-华雯洁\wuliu3\server\x64\debug\server.tlog\link.read.1.tlog
d:\poriahua\！好好学习\c++\2020211308-2020211517-华雯洁\2020211308-2020211517-华雯洁\wuliu3\server\x64\debug\server.tlog\link.write.1.tlog
